<?xml version="1.0" encoding="UTF-8"?>
<!-- Generated by org.testng.reporters.JUnitXMLReporter -->
<testsuite ignored="0" hostname="SakshiBhavsar" failures="0" tests="4" name="ModuleTwoTest" time="0.116" errors="0" timestamp="2023-05-10T14:56:09 IST">
  <testcase classname="parallelScript.sampleThreeTest" name="testFour" time="0.012"/>
  <testcase classname="parallelScript.sampleThreeTest" name="testOne" time="0.003"/>
  <testcase classname="parallelScript.sampleThreeTest" name="testThree" time="0.002"/>
  <testcase classname="parallelScript.sampleThreeTest" name="testTwo" time="0.006"/>
</testsuite> <!-- ModuleTwoTest -->
