<?xml version="1.0" encoding="UTF-8"?>
<!-- Generated by org.testng.reporters.JUnitXMLReporter -->
<testsuite ignored="1" hostname="SakshiBhavsar" failures="0" tests="1" name="ModuleOneTest(failed)(failed)(failed)" time="11.775" errors="0" timestamp="2023-05-09T15:21:09 IST">
  <testcase classname="testScripts.Googletestpage" name="seleniumSearchTest" time="7.354"/>
  <testcase classname="testScripts.Googletestpage" name="javaSearchTest" time="0.0">
    <ignored/>
  </testcase> <!-- javaSearchTest -->
</testsuite> <!-- ModuleOneTest(failed)(failed)(failed) -->
