<?xml version="1.0" encoding="UTF-8"?>
<!-- Generated by org.testng.reporters.JUnitXMLReporter -->
<testsuite ignored="0" hostname="SakshiBhavsar" failures="0" tests="3" name="ModuleOneTest" time="23.845" errors="0" timestamp="2023-05-10T17:11:34 IST">
  <testcase classname="testScripts.LoginTest" name="vaildLogin" time="3.678"/>
  <testcase classname="testScripts.LoginTest" name="vaildLogin" time="5.259"/>
  <testcase classname="testScripts.LoginTest" name="vaildLogin" time="5.058"/>
</testsuite> <!-- ModuleOneTest -->
